<?xml version="1.0" encoding="UTF-8"?>
<testng-results skipped="0" failed="0" ignored="0" total="2" passed="2">
  <reporter-output>
  </reporter-output>
  <suite name="Default suite" duration-ms="22047" started-at="2019-02-19T19:25:18Z" finished-at="2019-02-19T19:25:40Z">
    <groups>
    </groups>
    <test name="Default test" duration-ms="22047" started-at="2019-02-19T19:25:18Z" finished-at="2019-02-19T19:25:40Z">
      <class name="com.msts.qa.testcases.HomePageTest">
        <test-method status="PASS" signature="setUp()[pri:0, instance:com.msts.qa.testcases.HomePageTest@6ee52dcd]" name="setUp" is-config="true" duration-ms="10937" started-at="2019-02-19T19:25:18Z" finished-at="2019-02-19T19:25:29Z">
          <reporter-output>
          </reporter-output>
        </test-method> <!-- setUp -->
        <test-method status="PASS" signature="verifyHomePageTitleTest()[pri:1, instance:com.msts.qa.testcases.HomePageTest@6ee52dcd]" name="verifyHomePageTitleTest" duration-ms="49" started-at="2019-02-19T19:25:29Z" finished-at="2019-02-19T19:25:29Z">
          <reporter-output>
          </reporter-output>
        </test-method> <!-- verifyHomePageTitleTest -->
        <test-method status="PASS" signature="tearDown()[pri:0, instance:com.msts.qa.testcases.HomePageTest@6ee52dcd]" name="tearDown" is-config="true" duration-ms="746" started-at="2019-02-19T19:25:29Z" finished-at="2019-02-19T19:25:30Z">
          <reporter-output>
          </reporter-output>
        </test-method> <!-- tearDown -->
        <test-method status="PASS" signature="setUp()[pri:0, instance:com.msts.qa.testcases.HomePageTest@6ee52dcd]" name="setUp" is-config="true" duration-ms="9470" started-at="2019-02-19T19:25:30Z" finished-at="2019-02-19T19:25:39Z">
          <reporter-output>
          </reporter-output>
        </test-method> <!-- setUp -->
        <test-method status="PASS" signature="verifyLinkDisplayTest()[pri:2, instance:com.msts.qa.testcases.HomePageTest@6ee52dcd]" name="verifyLinkDisplayTest" duration-ms="89" started-at="2019-02-19T19:25:39Z" finished-at="2019-02-19T19:25:40Z">
          <reporter-output>
          </reporter-output>
        </test-method> <!-- verifyLinkDisplayTest -->
        <test-method status="PASS" signature="tearDown()[pri:0, instance:com.msts.qa.testcases.HomePageTest@6ee52dcd]" name="tearDown" is-config="true" duration-ms="697" started-at="2019-02-19T19:25:40Z" finished-at="2019-02-19T19:25:40Z">
          <reporter-output>
          </reporter-output>
        </test-method> <!-- tearDown -->
      </class> <!-- com.msts.qa.testcases.HomePageTest -->
    </test> <!-- Default test -->
  </suite> <!-- Default suite -->
</testng-results>
